Performing C SOURCE FILE Test CMAKE_HAVE_LIBC_PTHREAD failed with the following output:
Change Dir: /home/cxn/myfile/orchardrover_ws/src/OrchardRover/or_base/cmake-build-debug/CMakeFiles/CMakeTmp

Run Build Command(s):/usr/bin/make cmTC_7d8a8/fast && /usr/bin/make -f CMakeFiles/cmTC_7d8a8.dir/build.make CMakeFiles/cmTC_7d8a8.dir/build
make[1]: Entering directory '/home/cxn/myfile/orchardrover_ws/src/OrchardRover/or_base/cmake-build-debug/CMakeFiles/CMakeTmp'
Building C object CMakeFiles/cmTC_7d8a8.dir/src.c.o
/usr/bin/cc   -DCMAKE_HAVE_LIBC_PTHREAD   -o CMakeFiles/cmTC_7d8a8.dir/src.c.o   -c /home/cxn/myfile/orchardrover_ws/src/OrchardRover/or_base/cmake-build-debug/CMakeFiles/CMakeTmp/src.c
Linking C executable cmTC_7d8a8
/home/cxn/software/clion-2019.2.4/bin/cmake/linux/bin/cmake -E cmake_link_script CMakeFiles/cmTC_7d8a8.dir/link.txt --verbose=1
/usr/bin/cc  -DCMAKE_HAVE_LIBC_PTHREAD    -rdynamic CMakeFiles/cmTC_7d8a8.dir/src.c.o  -o cmTC_7d8a8 
CMakeFiles/cmTC_7d8a8.dir/src.c.o：在函数‘main’中：
src.c:(.text+0x3c)：对‘pthread_create’未定义的引用
src.c:(.text+0x48)：对‘pthread_detach’未定义的引用
src.c:(.text+0x59)：对‘pthread_join’未定义的引用
src.c:(.text+0x6d)：对‘pthread_atfork’未定义的引用
collect2: error: ld returned 1 exit status
CMakeFiles/cmTC_7d8a8.dir/build.make:86: recipe for target 'cmTC_7d8a8' failed
make[1]: *** [cmTC_7d8a8] Error 1
make[1]: Leaving directory '/home/cxn/myfile/orchardrover_ws/src/OrchardRover/or_base/cmake-build-debug/CMakeFiles/CMakeTmp'
Makefile:121: recipe for target 'cmTC_7d8a8/fast' failed
make: *** [cmTC_7d8a8/fast] Error 2


Source file was:
#include <pthread.h>

void* test_func(void* data)
{
  return data;
}

int main(void)
{
  pthread_t thread;
  pthread_create(&thread, NULL, test_func, NULL);
  pthread_detach(thread);
  pthread_join(thread, NULL);
  pthread_atfork(NULL, NULL, NULL);
  pthread_exit(NULL);

  return 0;
}

Determining if the function pthread_create exists in the pthreads failed with the following output:
Change Dir: /home/cxn/myfile/orchardrover_ws/src/OrchardRover/or_base/cmake-build-debug/CMakeFiles/CMakeTmp

Run Build Command(s):/usr/bin/make cmTC_4f10c/fast && /usr/bin/make -f CMakeFiles/cmTC_4f10c.dir/build.make CMakeFiles/cmTC_4f10c.dir/build
make[1]: Entering directory '/home/cxn/myfile/orchardrover_ws/src/OrchardRover/or_base/cmake-build-debug/CMakeFiles/CMakeTmp'
Building C object CMakeFiles/cmTC_4f10c.dir/CheckFunctionExists.c.o
/usr/bin/cc   -DCHECK_FUNCTION_EXISTS=pthread_create   -o CMakeFiles/cmTC_4f10c.dir/CheckFunctionExists.c.o   -c /home/cxn/software/clion-2019.2.4/bin/cmake/linux/share/cmake-3.16/Modules/CheckFunctionExists.c
Linking C executable cmTC_4f10c
/home/cxn/software/clion-2019.2.4/bin/cmake/linux/bin/cmake -E cmake_link_script CMakeFiles/cmTC_4f10c.dir/link.txt --verbose=1
/usr/bin/cc  -DCHECK_FUNCTION_EXISTS=pthread_create    -rdynamic CMakeFiles/cmTC_4f10c.dir/CheckFunctionExists.c.o  -o cmTC_4f10c  -lpthreads 
/usr/bin/ld: 找不到 -lpthreads
collect2: error: ld returned 1 exit status
CMakeFiles/cmTC_4f10c.dir/build.make:86: recipe for target 'cmTC_4f10c' failed
make[1]: *** [cmTC_4f10c] Error 1
make[1]: Leaving directory '/home/cxn/myfile/orchardrover_ws/src/OrchardRover/or_base/cmake-build-debug/CMakeFiles/CMakeTmp'
Makefile:121: recipe for target 'cmTC_4f10c/fast' failed
make: *** [cmTC_4f10c/fast] Error 2



