Performing C SOURCE FILE Test CMAKE_HAVE_LIBC_PTHREAD failed with the following output:
Change Dir: /home/cxn/test_ws/src/costmap/or_planning/cmake-build-debug/CMakeFiles/CMakeTmp

Run Build Command(s):/usr/bin/make cmTC_9c090/fast && /usr/bin/make -f CMakeFiles/cmTC_9c090.dir/build.make CMakeFiles/cmTC_9c090.dir/build
make[1]: Entering directory '/home/cxn/test_ws/src/costmap/or_planning/cmake-build-debug/CMakeFiles/CMakeTmp'
Building C object CMakeFiles/cmTC_9c090.dir/src.c.o
/usr/bin/cc   -DCMAKE_HAVE_LIBC_PTHREAD   -o CMakeFiles/cmTC_9c090.dir/src.c.o   -c /home/cxn/test_ws/src/costmap/or_planning/cmake-build-debug/CMakeFiles/CMakeTmp/src.c
Linking C executable cmTC_9c090
/home/cxn/software/clion-2019.2.4/bin/cmake/linux/bin/cmake -E cmake_link_script CMakeFiles/cmTC_9c090.dir/link.txt --verbose=1
/usr/bin/cc  -DCMAKE_HAVE_LIBC_PTHREAD    -rdynamic CMakeFiles/cmTC_9c090.dir/src.c.o  -o cmTC_9c090 
CMakeFiles/cmTC_9c090.dir/src.c.o：在函数‘main’中：
src.c:(.text+0x3c)：对‘pthread_create’未定义的引用
src.c:(.text+0x48)：对‘pthread_detach’未定义的引用
src.c:(.text+0x59)：对‘pthread_join’未定义的引用
src.c:(.text+0x6d)：对‘pthread_atfork’未定义的引用
collect2: error: ld returned 1 exit status
CMakeFiles/cmTC_9c090.dir/build.make:86: recipe for target 'cmTC_9c090' failed
make[1]: *** [cmTC_9c090] Error 1
make[1]: Leaving directory '/home/cxn/test_ws/src/costmap/or_planning/cmake-build-debug/CMakeFiles/CMakeTmp'
Makefile:121: recipe for target 'cmTC_9c090/fast' failed
make: *** [cmTC_9c090/fast] Error 2


Source file was:
#include <pthread.h>

void* test_func(void* data)
{
  return data;
}

int main(void)
{
  pthread_t thread;
  pthread_create(&thread, NULL, test_func, NULL);
  pthread_detach(thread);
  pthread_join(thread, NULL);
  pthread_atfork(NULL, NULL, NULL);
  pthread_exit(NULL);

  return 0;
}

Determining if the function pthread_create exists in the pthreads failed with the following output:
Change Dir: /home/cxn/test_ws/src/costmap/or_planning/cmake-build-debug/CMakeFiles/CMakeTmp

Run Build Command(s):/usr/bin/make cmTC_f34f6/fast && /usr/bin/make -f CMakeFiles/cmTC_f34f6.dir/build.make CMakeFiles/cmTC_f34f6.dir/build
make[1]: Entering directory '/home/cxn/test_ws/src/costmap/or_planning/cmake-build-debug/CMakeFiles/CMakeTmp'
Building C object CMakeFiles/cmTC_f34f6.dir/CheckFunctionExists.c.o
/usr/bin/cc   -DCHECK_FUNCTION_EXISTS=pthread_create   -o CMakeFiles/cmTC_f34f6.dir/CheckFunctionExists.c.o   -c /home/cxn/software/clion-2019.2.4/bin/cmake/linux/share/cmake-3.16/Modules/CheckFunctionExists.c
Linking C executable cmTC_f34f6
/home/cxn/software/clion-2019.2.4/bin/cmake/linux/bin/cmake -E cmake_link_script CMakeFiles/cmTC_f34f6.dir/link.txt --verbose=1
/usr/bin/cc  -DCHECK_FUNCTION_EXISTS=pthread_create    -rdynamic CMakeFiles/cmTC_f34f6.dir/CheckFunctionExists.c.o  -o cmTC_f34f6  -lpthreads 
/usr/bin/ld: 找不到 -lpthreads
collect2: error: ld returned 1 exit status
CMakeFiles/cmTC_f34f6.dir/build.make:86: recipe for target 'cmTC_f34f6' failed
make[1]: *** [cmTC_f34f6] Error 1
make[1]: Leaving directory '/home/cxn/test_ws/src/costmap/or_planning/cmake-build-debug/CMakeFiles/CMakeTmp'
Makefile:121: recipe for target 'cmTC_f34f6/fast' failed
make: *** [cmTC_f34f6/fast] Error 2



